[2024-03-21T15:20:22.345Z] User Login Error: 
[2024-03-21T15:20:41.343Z] User Login Error: 
[2024-03-21T15:21:38.856Z] User User logged in successfully logged in successfully
[2024-03-21T15:23:39.283Z] User test logged in successfully
[2024-03-21T15:28:43.440Z] User 'super' added successfully
[2024-03-21T15:30:08.150Z] User 'zamn' added successfully
[2024-03-21T15:30:32.708Z] User super logged in successfully
[2024-03-21T15:31:42.370Z] User 'test' logged in successfully
[2024-03-22T01:28:12.876Z] User Login Error: ReferenceError: error is not defined
[2024-03-22T01:39:46.410Z] qwe Password does not match
[2024-03-22T02:06:35.658Z] qwe successful login
[2024-03-22T02:15:04.899Z] qwe successful login
[2024-03-22T02:18:55.253Z] ReferenceError: logUserLoginError is not defined
[2024-03-22T02:20:48.643Z] User 'grrr' added successfully
[2024-03-22T02:21:05.032Z] reCAPTCHA verification response: 
[2024-03-22T02:21:05.172Z] grrr successful login
[2024-03-22T02:22:10.566Z] File input successful: pls log me in || Angerness || src\user_post_uploads\1711074130557.png
[2024-03-22T03:01:02.336Z] reCAPTCHA verification response: 
[2024-03-22T03:01:02.372Z] Error logging in user: ReferenceError: logUserLoginError is not defined
[2024-03-22T03:27:21.973Z] User 'MantuaPogi' added successfully
[2024-03-22T03:27:38.467Z] reCAPTCHA verification response: 
[2024-03-22T03:27:38.602Z] MantuaPogi successful login
[2024-03-22T03:42:49.722Z] reCAPTCHA verification response: 
[2024-03-22T03:42:49.857Z] 'MantuaPogi' Password does not match
[2024-03-22T03:42:59.012Z] reCAPTCHA verification response: 
[2024-03-22T03:43:11.049Z] reCAPTCHA verification response: 
[2024-03-22T03:43:39.090Z] reCAPTCHA verification response: 
[2024-03-22T03:43:39.228Z] qwe successful login
[2024-03-22T03:44:21.835Z] reCAPTCHA verification response: 
[2024-03-22T03:44:21.970Z] qwe successful login
[2024-03-22T03:44:51.270Z] reCAPTCHA verification response: 
[2024-03-22T03:44:51.401Z] qwe successful login
[2024-03-22T03:47:29.818Z] reCAPTCHA verification response: [object Object]
[2024-03-22T03:47:29.964Z] qwe successful login
[2024-03-22T03:48:32.106Z] reCAPTCHA verification response: [object Object]
[2024-03-22T03:48:32.233Z] qwe successful login
[2024-03-22T03:50:12.918Z] reCAPTCHA verification response: true
[2024-04-12T10:52:48.344Z] reCAPTCHA verification response: true
[2024-04-12T10:52:48.430Z] qwe successful login
[2024-04-12T13:38:08.635Z] User 'qwe' added successfully
[2024-04-12T13:39:39.910Z] reCAPTCHA verification response: false
[2024-04-12T13:40:13.700Z] qwe successful login
[2024-04-12T13:41:06.347Z] qwe successful login
[2024-04-12T13:45:31.375Z] qwe successful login
[2024-04-12T13:55:51.461Z] qwe successful login
[2024-04-12T14:20:08.139Z] qwe successful login
[2024-04-12T14:21:42.978Z] qwe successful login
[2024-04-12T14:21:59.065Z] qwe successful login
[2024-04-12T14:27:18.780Z] User 'awk' added successfully
[2024-04-12T14:27:50.988Z] awk successful login
[2024-04-12T14:27:55.635Z] awk successful login
[2024-04-12T14:28:16.668Z] awk successful login
[2024-04-12T14:28:18.051Z] awk successful login
[2024-04-12T14:28:18.337Z] awk successful login
[2024-04-12T14:28:18.970Z] awk successful login
[2024-04-12T14:29:33.189Z] User 'awkw' added successfully
[2024-04-12T14:29:46.674Z] awkw successful login
[2024-04-12T14:30:50.986Z] awkw successful login
[2024-04-12T14:31:01.606Z] Error logging in user: ReferenceError: logUserLoginError is not defined
[2024-04-12T14:31:23.286Z] Error logging in user: ReferenceError: logUserLoginError is not defined
[2024-04-12T14:31:30.964Z] awk successful login
[2024-04-12T14:31:33.835Z] Error logging in user: ReferenceError: logUserLoginError is not defined
[2024-04-12T14:32:43.784Z] Error logging in user: ReferenceError: logUserLoginError is not defined
[2024-04-12T14:32:51.418Z] awk successful login
[2024-04-12T14:32:53.761Z] awk successful login
[2024-04-12T14:32:53.951Z] awk successful login
[2024-04-12T14:32:54.152Z] awk successful login
[2024-04-12T14:32:54.336Z] awk successful login
[2024-04-12T14:32:54.520Z] awk successful login
[2024-04-12T14:32:54.705Z] awk successful login
[2024-04-12T14:33:02.186Z] awk successful login
[2024-04-12T14:34:15.889Z] awk successful login
[2024-04-12T14:35:17.513Z] awk successful login
[2024-04-12T14:38:05.024Z] awk successful login
[2024-04-12T14:38:12.826Z] awk successful login
[2024-04-12T14:38:44.627Z] User 'awkward' added successfully
[2024-04-12T14:38:58.532Z] awkward successful login
[2024-04-12T14:39:37.483Z] awkward successful login
[2024-04-12T14:40:15.453Z] awkward successful login
[2024-04-12T14:40:51.008Z] awkward successful login
[2024-04-12T14:42:34.187Z] awkward successful login
[2024-04-12T14:42:52.899Z] awk successful login
[2024-04-12T14:43:02.349Z] Error logging in user: ReferenceError: logUserLoginError is not defined
[2024-04-12T14:43:07.017Z] Error logging in user: ReferenceError: logUserLoginError is not defined
[2024-04-12T14:43:17.828Z] awkw successful login
